<?xml version="1.0" encoding="UTF-8"?>
<testng-results ignored="0" total="1" passed="1" failed="0" skipped="0">
  <reporter-output>
  </reporter-output>
  <suite started-at="2021-06-01T20:21:26 IST" name="Default suite" finished-at="2021-06-01T20:21:46 IST" duration-ms="19494">
    <groups>
    </groups>
    <test started-at="2021-06-01T20:21:26 IST" name="Default test" finished-at="2021-06-01T20:21:46 IST" duration-ms="19494">
      <class name="NewTest">
        <test-method is-config="true" signature="beforeClass()[pri:0, instance:NewTest@112f364d]" started-at="2021-06-01T20:21:26 IST" name="beforeClass" finished-at="2021-06-01T20:21:36 IST" duration-ms="9176" status="PASS">
          <reporter-output>
          </reporter-output>
        </test-method> <!-- beforeClass -->
        <test-method signature="f()[pri:0, instance:NewTest@112f364d]" started-at="2021-06-01T20:21:36 IST" name="f" finished-at="2021-06-01T20:21:46 IST" duration-ms="9850" status="PASS">
          <reporter-output>
          </reporter-output>
        </test-method> <!-- f -->
        <test-method is-config="true" signature="afterClass()[pri:0, instance:NewTest@112f364d]" started-at="2021-06-01T20:21:46 IST" name="afterClass" finished-at="2021-06-01T20:21:46 IST" duration-ms="402" status="PASS">
          <reporter-output>
          </reporter-output>
        </test-method> <!-- afterClass -->
      </class> <!-- NewTest -->
    </test> <!-- Default test -->
  </suite> <!-- Default suite -->
</testng-results>
