<?xml version="1.0" encoding="UTF-8"?>
<testng-results ignored="0" total="1" passed="1" failed="0" skipped="0">
  <reporter-output>
  </reporter-output>
  <suite started-at="2021-06-04T16:15:47 IST" name="Default suite" finished-at="2021-06-04T16:16:24 IST" duration-ms="37536">
    <groups>
    </groups>
    <test started-at="2021-06-04T16:15:47 IST" name="Default test" finished-at="2021-06-04T16:16:24 IST" duration-ms="37536">
      <class name="NewTestAlerts">
        <test-method is-config="true" signature="beforeClass()[pri:0, instance:NewTestAlerts@362045c0]" started-at="2021-06-04T16:15:47 IST" name="beforeClass" finished-at="2021-06-04T16:15:55 IST" duration-ms="7797" status="PASS">
          <reporter-output>
          </reporter-output>
        </test-method> <!-- beforeClass -->
        <test-method signature="f()[pri:0, instance:NewTestAlerts@362045c0]" started-at="2021-06-04T16:15:55 IST" name="f" finished-at="2021-06-04T16:16:23 IST" duration-ms="28751" status="PASS">
          <reporter-output>
          </reporter-output>
        </test-method> <!-- f -->
        <test-method is-config="true" signature="afterClass()[pri:0, instance:NewTestAlerts@362045c0]" started-at="2021-06-04T16:16:24 IST" name="afterClass" finished-at="2021-06-04T16:16:24 IST" duration-ms="923" status="PASS">
          <reporter-output>
          </reporter-output>
        </test-method> <!-- afterClass -->
      </class> <!-- NewTestAlerts -->
    </test> <!-- Default test -->
  </suite> <!-- Default suite -->
</testng-results>
